Solid Edge Translation to STEP
Date: Montag,März 20,2023 05:12
Output File: C:\Studium\EU4M\Fin_De_Master\RoboDK\Stations\Flange_UR3e_Gripper.stp
Author: Unknown
Organization: Unknown
Source System: Solid Edge

Hardware:
Processor: AMD Ryzen 5 5600H with Radeon Graphics         
Operating System: Windows 10 Professional
Installed Memory: 31.36 GB

Software Information
Parasolid Version: 34.0.153
PSBodyShop Version: 34.0.110
Step Adapter Version: 9.0.92
Solid Edge Version: 222.00.00.132 x64

STEP Export Options
Export Format: AP214
Export Construction Sheets: Off
Export Construction Solids: Off
Export Construction Wires: Off
Export Displayed Parts Only: Off
Export Units: Millimeters
Export Part Component Names As Unicode: Off
Export PMI: Off

Phase 1 of 1 Translating Parasolid to foreign data types...
Translation process completed
Time required to translate:00 : 00 : 01
